{"/home/goriunov/Desktop/Development/GitHub/clusterws/cWS/lib/client.ts": {"path":"/home/goriunov/Desktop/Development/GitHub/clusterws/cWS/lib/client.ts","statementMap":{"0":{"start":{"line":1,"column":0},"end":{"line":1,"column":43}},"1":{"start":{"line":3,"column":0},"end":{"line":3,"column":117}},"2":{"start":{"line":5,"column":25},"end":{"line":5,"column":77}},"3":{"start":{"line":6,"column":0},"end":{"line":6,"column":35}},"4":{"start":{"line":27,"column":21},"end":{"line":27,"column":32}},"5":{"start":{"line":27,"column":42},"end":{"line":27,"column":57}},"6":{"start":{"line":13,"column":9},"end":{"line":13,"column":39}},"7":{"start":{"line":14,"column":9},"end":{"line":14,"column":41}},"8":{"start":{"line":15,"column":9},"end":{"line":22,"column":4}},"9":{"start":{"line":25,"column":10},"end":{"line":25,"column":40}},"10":{"start":{"line":28,"column":4},"end":{"line":33,"column":null}},"11":{"start":{"line":29,"column":6},"end":{"line":29,"column":33}},"12":{"start":{"line":30,"column":6},"end":{"line":30,"column":53}},"13":{"start":{"line":32,"column":6},"end":{"line":32,"column":45}},"14":{"start":{"line":37,"column":27},"end":{"line":37,"column":90}},"15":{"start":{"line":38,"column":4},"end":{"line":42,"column":6}},"16":{"start":{"line":46,"column":4},"end":{"line":46,"column":51}},"17":{"start":{"line":50,"column":4},"end":{"line":50,"column":30}},"18":{"start":{"line":54,"column":4},"end":{"line":54,"column":31}},"19":{"start":{"line":58,"column":4},"end":{"line":58,"column":31}},"20":{"start":{"line":62,"column":4},"end":{"line":62,"column":33}},"21":{"start":{"line":72,"column":4},"end":{"line":75,"column":null}},"22":{"start":{"line":73,"column":6},"end":{"line":73,"column":60}},"23":{"start":{"line":74,"column":6},"end":{"line":74,"column":13}},"24":{"start":{"line":77,"column":4},"end":{"line":79,"column":null}},"25":{"start":{"line":78,"column":6},"end":{"line":78,"column":74}},"26":{"start":{"line":81,"column":4},"end":{"line":83,"column":null}},"27":{"start":{"line":82,"column":6},"end":{"line":82,"column":136}},"28":{"start":{"line":85,"column":4},"end":{"line":85,"column":44}},"29":{"start":{"line":89,"column":4},"end":{"line":104,"column":null}},"30":{"start":{"line":90,"column":27},"end":{"line":90,"column":84}},"31":{"start":{"line":93,"column":6},"end":{"line":95,"column":null}},"32":{"start":{"line":94,"column":8},"end":{"line":94,"column":29}},"33":{"start":{"line":97,"column":6},"end":{"line":99,"column":null}},"34":{"start":{"line":98,"column":8},"end":{"line":98,"column":31}},"35":{"start":{"line":101,"column":6},"end":{"line":101,"column":142}},"36":{"start":{"line":101,"column":84},"end":{"line":101,"column":104}},"37":{"start":{"line":102,"column":11},"end":{"line":104,"column":null}},"38":{"start":{"line":103,"column":6},"end":{"line":103,"column":44}},"39":{"start":{"line":108,"column":4},"end":{"line":110,"column":null}},"40":{"start":{"line":109,"column":6},"end":{"line":109,"column":72}},"41":{"start":{"line":114,"column":4},"end":{"line":117,"column":null}},"42":{"start":{"line":115,"column":6},"end":{"line":115,"column":65}},"43":{"start":{"line":116,"column":6},"end":{"line":116,"column":27}},"44":{"start":{"line":121,"column":4},"end":{"line":124,"column":null}},"45":{"start":{"line":122,"column":6},"end":{"line":122,"column":55}},"46":{"start":{"line":123,"column":6},"end":{"line":123,"column":27}},"47":{"start":{"line":8,"column":0},"end":{"line":8,"column":13}},"48":{"start":{"line":9,"column":16},"end":{"line":9,"column":33}},"49":{"start":{"line":10,"column":16},"end":{"line":10,"column":35}},"50":{"start":{"line":11,"column":16},"end":{"line":11,"column":107}}},"fnMap":{"0":{"name":"(anonymous_0)","decl":{"start":{"line":27,"column":2},"end":{"line":27,"column":21}},"loc":{"start":{"line":27,"column":59},"end":{"line":34,"column":3}}},"1":{"name":"(anonymous_1)","decl":{"start":{"line":36,"column":2},"end":{"line":36,"column":13}},"loc":{"start":{"line":36,"column":20},"end":{"line":43,"column":3}}},"2":{"name":"(anonymous_2)","decl":{"start":{"line":45,"column":2},"end":{"line":45,"column":13}},"loc":{"start":{"line":45,"column":23},"end":{"line":47,"column":3}}},"3":{"name":"(anonymous_3)","decl":{"start":{"line":49,"column":2},"end":{"line":49,"column":13}},"loc":{"start":{"line":49,"column":40},"end":{"line":51,"column":3}}},"4":{"name":"(anonymous_4)","decl":{"start":{"line":53,"column":2},"end":{"line":53,"column":13}},"loc":{"start":{"line":53,"column":71},"end":{"line":55,"column":3}}},"5":{"name":"(anonymous_5)","decl":{"start":{"line":57,"column":2},"end":{"line":57,"column":13}},"loc":{"start":{"line":57,"column":51},"end":{"line":59,"column":3}}},"6":{"name":"(anonymous_6)","decl":{"start":{"line":61,"column":2},"end":{"line":61,"column":13}},"loc":{"start":{"line":61,"column":64},"end":{"line":63,"column":3}}},"7":{"name":"(anonymous_7)","decl":{"start":{"line":71,"column":9},"end":{"line":71,"column":11}},"loc":{"start":{"line":71,"column":61},"end":{"line":86,"column":3}}},"8":{"name":"(anonymous_8)","decl":{"start":{"line":88,"column":9},"end":{"line":88,"column":13}},"loc":{"start":{"line":88,"column":118},"end":{"line":105,"column":3}}},"9":{"name":"(anonymous_9)","decl":{"start":{"line":101,"column":72},"end":{"line":101,"column":81}},"loc":{"start":{"line":101,"column":84},"end":{"line":101,"column":104}}},"10":{"name":"(anonymous_10)","decl":{"start":{"line":107,"column":9},"end":{"line":107,"column":13}},"loc":{"start":{"line":107,"column":39},"end":{"line":111,"column":3}}},"11":{"name":"(anonymous_11)","decl":{"start":{"line":113,"column":9},"end":{"line":113,"column":14}},"loc":{"start":{"line":113,"column":51},"end":{"line":118,"column":3}}},"12":{"name":"(anonymous_12)","decl":{"start":{"line":120,"column":9},"end":{"line":120,"column":18}},"loc":{"start":{"line":120,"column":18},"end":{"line":125,"column":3}}}},"branchMap":{"0":{"loc":{"start":{"line":27,"column":57},"end":{"line":27,"column":59}},"type":"default-arg","locations":[{"start":{"line":27,"column":57},"end":{"line":27,"column":59}}]},"1":{"loc":{"start":{"line":28,"column":4},"end":{"line":33,"column":null}},"type":"if","locations":[{"start":{"line":28,"column":4},"end":{"line":33,"column":null}},{"start":{"line":28,"column":4},"end":{"line":33,"column":null}}]},"2":{"loc":{"start":{"line":28,"column":8},"end":{"line":28,"column":17}},"type":"binary-expr","locations":[{"start":{"line":28,"column":8},"end":{"line":28,"column":17}},{"start":{"line":28,"column":22},"end":{"line":28,"column":51}}]},"3":{"loc":{"start":{"line":37,"column":43},"end":{"line":37,"column":75}},"type":"cond-expr","locations":[{"start":{"line":37,"column":43},"end":{"line":37,"column":75}},{"start":{"line":37,"column":78},"end":{"line":37,"column":90}}]},"4":{"loc":{"start":{"line":46,"column":27},"end":{"line":46,"column":36}},"type":"cond-expr","locations":[{"start":{"line":46,"column":27},"end":{"line":46,"column":36}},{"start":{"line":46,"column":39},"end":{"line":46,"column":50}}]},"5":{"loc":{"start":{"line":72,"column":4},"end":{"line":75,"column":null}},"type":"if","locations":[{"start":{"line":72,"column":4},"end":{"line":75,"column":null}},{"start":{"line":72,"column":4},"end":{"line":75,"column":null}}]},"6":{"loc":{"start":{"line":77,"column":4},"end":{"line":79,"column":null}},"type":"if","locations":[{"start":{"line":77,"column":4},"end":{"line":79,"column":null}},{"start":{"line":77,"column":4},"end":{"line":79,"column":null}}]},"7":{"loc":{"start":{"line":81,"column":4},"end":{"line":83,"column":null}},"type":"if","locations":[{"start":{"line":81,"column":4},"end":{"line":83,"column":null}},{"start":{"line":81,"column":4},"end":{"line":83,"column":null}}]},"8":{"loc":{"start":{"line":89,"column":4},"end":{"line":104,"column":null}},"type":"if","locations":[{"start":{"line":89,"column":4},"end":{"line":104,"column":null}},{"start":{"line":89,"column":4},"end":{"line":104,"column":null}}]},"9":{"loc":{"start":{"line":90,"column":57},"end":{"line":90,"column":68}},"type":"cond-expr","locations":[{"start":{"line":90,"column":57},"end":{"line":90,"column":68}},{"start":{"line":90,"column":71},"end":{"line":90,"column":84}}]},"10":{"loc":{"start":{"line":93,"column":6},"end":{"line":95,"column":null}},"type":"if","locations":[{"start":{"line":93,"column":6},"end":{"line":95,"column":null}},{"start":{"line":93,"column":6},"end":{"line":95,"column":null}}]},"11":{"loc":{"start":{"line":93,"column":10},"end":{"line":93,"column":17}},"type":"binary-expr","locations":[{"start":{"line":93,"column":10},"end":{"line":93,"column":17}},{"start":{"line":93,"column":21},"end":{"line":93,"column":45}}]},"12":{"loc":{"start":{"line":97,"column":6},"end":{"line":99,"column":null}},"type":"if","locations":[{"start":{"line":97,"column":6},"end":{"line":99,"column":null}},{"start":{"line":97,"column":6},"end":{"line":99,"column":null}}]},"13":{"loc":{"start":{"line":97,"column":10},"end":{"line":97,"column":17}},"type":"binary-expr","locations":[{"start":{"line":97,"column":10},"end":{"line":97,"column":17}},{"start":{"line":97,"column":21},"end":{"line":97,"column":44}}]},"14":{"loc":{"start":{"line":101,"column":72},"end":{"line":101,"column":104}},"type":"cond-expr","locations":[{"start":{"line":101,"column":72},"end":{"line":101,"column":104}},{"start":{"line":101,"column":107},"end":{"line":101,"column":111}}]},"15":{"loc":{"start":{"line":101,"column":113},"end":{"line":101,"column":120}},"type":"binary-expr","locations":[{"start":{"line":101,"column":113},"end":{"line":101,"column":120}},{"start":{"line":101,"column":124},"end":{"line":101,"column":140}}]},"16":{"loc":{"start":{"line":102,"column":11},"end":{"line":104,"column":null}},"type":"if","locations":[{"start":{"line":102,"column":11},"end":{"line":104,"column":null}},{"start":{"line":102,"column":11},"end":{"line":104,"column":null}}]},"17":{"loc":{"start":{"line":108,"column":4},"end":{"line":110,"column":null}},"type":"if","locations":[{"start":{"line":108,"column":4},"end":{"line":110,"column":null}},{"start":{"line":108,"column":4},"end":{"line":110,"column":null}}]},"18":{"loc":{"start":{"line":113,"column":30},"end":{"line":113,"column":34}},"type":"default-arg","locations":[{"start":{"line":113,"column":30},"end":{"line":113,"column":34}}]},"19":{"loc":{"start":{"line":114,"column":4},"end":{"line":117,"column":null}},"type":"if","locations":[{"start":{"line":114,"column":4},"end":{"line":117,"column":null}},{"start":{"line":114,"column":4},"end":{"line":117,"column":null}}]},"20":{"loc":{"start":{"line":121,"column":4},"end":{"line":124,"column":null}},"type":"if","locations":[{"start":{"line":121,"column":4},"end":{"line":124,"column":null}},{"start":{"line":121,"column":4},"end":{"line":124,"column":null}}]}},"s":{"0":1,"1":1,"2":1,"3":1,"4":44,"5":44,"6":44,"7":44,"8":44,"9":44,"10":44,"11":22,"12":22,"13":22,"14":0,"15":0,"16":0,"17":0,"18":0,"19":0,"20":0,"21":56,"22":0,"23":0,"24":56,"25":0,"26":56,"27":0,"28":56,"29":14,"30":14,"31":14,"32":0,"33":14,"34":0,"35":14,"36":0,"37":0,"38":0,"39":2,"40":2,"41":12,"42":12,"43":12,"44":0,"45":0,"46":0,"47":1,"48":1,"49":1,"50":1},"f":{"0":44,"1":0,"2":0,"3":0,"4":0,"5":0,"6":0,"7":56,"8":14,"9":0,"10":2,"11":12,"12":0},"b":{"0":[22],"1":[22,22],"2":[44,22],"3":[0,0],"4":[0,0],"5":[0,56],"6":[0,56],"7":[0,56],"8":[14,0],"9":[14,0],"10":[0,14],"11":[14,0],"12":[0,14],"13":[14,0],"14":[0,14],"15":[14,0],"16":[0,0],"17":[2,0],"18":[4],"19":[12,0],"20":[0,0]}}
,"/home/goriunov/Desktop/Development/GitHub/clusterws/cWS/lib/index.ts": {"path":"/home/goriunov/Desktop/Development/GitHub/clusterws/cWS/lib/index.ts","statementMap":{"0":{"start":{"line":30,"column":0},"end":{"line":30,"column":9}},"1":{"start":{"line":30,"column":9},"end":{"line":30,"column":37}},"2":{"start":{"line":31,"column":0},"end":{"line":31,"column":9}},"3":{"start":{"line":31,"column":9},"end":{"line":31,"column":43}},"4":{"start":{"line":33,"column":13},"end":{"line":33,"column":55}}},"fnMap":{},"branchMap":{},"s":{"0":1,"1":1,"2":1,"3":1,"4":1},"f":{},"b":{}}
,"/home/goriunov/Desktop/Development/GitHub/clusterws/cWS/lib/server.ts": {"path":"/home/goriunov/Desktop/Development/GitHub/clusterws/cWS/lib/server.ts","statementMap":{"0":{"start":{"line":1,"column":0},"end":{"line":1,"column":29}},"1":{"start":{"line":7,"column":0},"end":{"line":7,"column":135}},"2":{"start":{"line":22,"column":22},"end":{"line":22,"column":44}},"3":{"start":{"line":12,"column":9},"end":{"line":16,"column":4}},"4":{"start":{"line":23,"column":32},"end":{"line":23,"column":33}},"5":{"start":{"line":24,"column":4},"end":{"line":31,"column":null}},"6":{"start":{"line":26,"column":6},"end":{"line":26,"column":42}},"7":{"start":{"line":27,"column":6},"end":{"line":30,"column":null}},"8":{"start":{"line":29,"column":8},"end":{"line":29,"column":48}},"9":{"start":{"line":33,"column":4},"end":{"line":33,"column":115}},"10":{"start":{"line":34,"column":4},"end":{"line":34,"column":50}},"11":{"start":{"line":36,"column":4},"end":{"line":38,"column":null}},"12":{"start":{"line":37,"column":6},"end":{"line":37,"column":13}},"13":{"start":{"line":40,"column":4},"end":{"line":42,"column":null}},"14":{"start":{"line":41,"column":6},"end":{"line":41,"column":50}},"15":{"start":{"line":44,"column":4},"end":{"line":51,"column":7}},"16":{"start":{"line":45,"column":27},"end":{"line":45,"column":49}},"17":{"start":{"line":46,"column":6},"end":{"line":49,"column":9}},"18":{"start":{"line":50,"column":6},"end":{"line":50,"column":27}},"19":{"start":{"line":53,"column":4},"end":{"line":80,"column":8}},"20":{"start":{"line":54,"column":6},"end":{"line":57,"column":9}},"21":{"start":{"line":56,"column":8},"end":{"line":56,"column":25}},"22":{"start":{"line":59,"column":6},"end":{"line":61,"column":null}},"23":{"start":{"line":60,"column":8},"end":{"line":60,"column":70}},"24":{"start":{"line":63,"column":6},"end":{"line":79,"column":null}},"25":{"start":{"line":64,"column":26},"end":{"line":68,"column":10}},"26":{"start":{"line":70,"column":8},"end":{"line":76,"column":11}},"27":{"start":{"line":71,"column":10},"end":{"line":73,"column":null}},"28":{"start":{"line":72,"column":12},"end":{"line":72,"column":102}},"29":{"start":{"line":75,"column":10},"end":{"line":75,"column":46}},"30":{"start":{"line":78,"column":8},"end":{"line":78,"column":44}},"31":{"start":{"line":82,"column":4},"end":{"line":92,"column":null}},"32":{"start":{"line":83,"column":6},"end":{"line":89,"column":9}},"33":{"start":{"line":88,"column":8},"end":{"line":88,"column":44}},"34":{"start":{"line":91,"column":6},"end":{"line":91,"column":71}},"35":{"start":{"line":96,"column":4},"end":{"line":103,"column":6}},"36":{"start":{"line":99,"column":8},"end":{"line":101,"column":null}},"37":{"start":{"line":100,"column":10},"end":{"line":100,"column":60}},"38":{"start":{"line":110,"column":4},"end":{"line":113,"column":null}},"39":{"start":{"line":111,"column":6},"end":{"line":111,"column":60}},"40":{"start":{"line":112,"column":6},"end":{"line":112,"column":13}},"41":{"start":{"line":115,"column":4},"end":{"line":117,"column":null}},"42":{"start":{"line":116,"column":6},"end":{"line":116,"column":74}},"43":{"start":{"line":119,"column":4},"end":{"line":121,"column":null}},"44":{"start":{"line":120,"column":6},"end":{"line":120,"column":136}},"45":{"start":{"line":123,"column":4},"end":{"line":123,"column":44}},"46":{"start":{"line":127,"column":4},"end":{"line":129,"column":null}},"47":{"start":{"line":128,"column":6},"end":{"line":128,"column":44}},"48":{"start":{"line":133,"column":4},"end":{"line":135,"column":null}},"49":{"start":{"line":134,"column":6},"end":{"line":134,"column":99}},"50":{"start":{"line":139,"column":4},"end":{"line":141,"column":null}},"51":{"start":{"line":140,"column":6},"end":{"line":140,"column":101}},"52":{"start":{"line":146,"column":4},"end":{"line":148,"column":null}},"53":{"start":{"line":147,"column":6},"end":{"line":147,"column":46}},"54":{"start":{"line":152,"column":4},"end":{"line":158,"column":null}},"55":{"start":{"line":153,"column":6},"end":{"line":153,"column":71}},"56":{"start":{"line":155,"column":6},"end":{"line":157,"column":null}},"57":{"start":{"line":156,"column":8},"end":{"line":156,"column":32}},"58":{"start":{"line":160,"column":4},"end":{"line":163,"column":null}},"59":{"start":{"line":161,"column":6},"end":{"line":161,"column":50}},"60":{"start":{"line":162,"column":6},"end":{"line":162,"column":30}},"61":{"start":{"line":165,"column":4},"end":{"line":168,"column":10}},"62":{"start":{"line":166,"column":6},"end":{"line":166,"column":39}},"63":{"start":{"line":167,"column":6},"end":{"line":167,"column":11}},"64":{"start":{"line":172,"column":4},"end":{"line":172,"column":61}},"65":{"start":{"line":176,"column":24},"end":{"line":176,"column":56}},"66":{"start":{"line":178,"column":4},"end":{"line":205,"column":null}},"67":{"start":{"line":179,"column":6},"end":{"line":183,"column":null}},"68":{"start":{"line":180,"column":8},"end":{"line":180,"column":28}},"69":{"start":{"line":181,"column":8},"end":{"line":181,"column":30}},"70":{"start":{"line":182,"column":8},"end":{"line":182,"column":155}},"71":{"start":{"line":185,"column":31},"end":{"line":185,"column":44}},"72":{"start":{"line":186,"column":32},"end":{"line":186,"column":99}},"73":{"start":{"line":188,"column":6},"end":{"line":204,"column":null}},"74":{"start":{"line":189,"column":30},"end":{"line":189,"column":92}},"75":{"start":{"line":191,"column":8},"end":{"line":191,"column":73}},"76":{"start":{"line":192,"column":28},"end":{"line":192,"column":110}},"77":{"start":{"line":193,"column":8},"end":{"line":199,"column":11}},"78":{"start":{"line":194,"column":10},"end":{"line":198,"column":null}},"79":{"start":{"line":195,"column":12},"end":{"line":195,"column":32}},"80":{"start":{"line":196,"column":12},"end":{"line":196,"column":34}},"81":{"start":{"line":197,"column":12},"end":{"line":197,"column":141}},"82":{"start":{"line":201,"column":8},"end":{"line":201,"column":25}},"83":{"start":{"line":203,"column":8},"end":{"line":203,"column":64}},"84":{"start":{"line":9,"column":0},"end":{"line":9,"column":13}}},"fnMap":{"0":{"name":"(anonymous_0)","decl":{"start":{"line":22,"column":2},"end":{"line":22,"column":22}},"loc":{"start":{"line":22,"column":67},"end":{"line":93,"column":3}}},"1":{"name":"(anonymous_1)","decl":{"start":{"line":44,"column":63},"end":{"line":44,"column":64}},"loc":{"start":{"line":44,"column":106},"end":{"line":51,"column":5}}},"2":{"name":"(anonymous_2)","decl":{"start":{"line":53,"column":59},"end":{"line":53,"column":60}},"loc":{"start":{"line":53,"column":111},"end":{"line":80,"column":5}}},"3":{"name":"(anonymous_3)","decl":{"start":{"line":54,"column":25},"end":{"line":54,"column":34}},"loc":{"start":{"line":54,"column":36},"end":{"line":57,"column":7}}},"4":{"name":"(anonymous_4)","decl":{"start":{"line":70,"column":40},"end":{"line":70,"column":41}},"loc":{"start":{"line":70,"column":102},"end":{"line":76,"column":9}}},"5":{"name":"(anonymous_5)","decl":{"start":{"line":83,"column":34},"end":{"line":83,"column":35}},"loc":{"start":{"line":83,"column":55},"end":{"line":89,"column":7}}},"6":{"name":"(anonymous_6)","decl":{"start":{"line":95,"column":2},"end":{"line":95,"column":6}},"loc":{"start":{"line":95,"column":13},"end":{"line":104,"column":3}}},"7":{"name":"(anonymous_7)","decl":{"start":{"line":98,"column":15},"end":{"line":98,"column":16}},"loc":{"start":{"line":98,"column":53},"end":{"line":102,"column":7}}},"8":{"name":"(anonymous_8)","decl":{"start":{"line":109,"column":9},"end":{"line":109,"column":11}},"loc":{"start":{"line":109,"column":61},"end":{"line":124,"column":3}}},"9":{"name":"(anonymous_9)","decl":{"start":{"line":126,"column":9},"end":{"line":126,"column":13}},"loc":{"start":{"line":126,"column":43},"end":{"line":130,"column":3}}},"10":{"name":"(anonymous_10)","decl":{"start":{"line":132,"column":9},"end":{"line":132,"column":18}},"loc":{"start":{"line":132,"column":74},"end":{"line":136,"column":3}}},"11":{"name":"(anonymous_11)","decl":{"start":{"line":138,"column":9},"end":{"line":138,"column":22}},"loc":{"start":{"line":138,"column":59},"end":{"line":142,"column":3}}},"12":{"name":"(anonymous_12)","decl":{"start":{"line":144,"column":9},"end":{"line":144,"column":22}},"loc":{"start":{"line":144,"column":111},"end":{"line":149,"column":3}}},"13":{"name":"(anonymous_13)","decl":{"start":{"line":151,"column":9},"end":{"line":151,"column":14}},"loc":{"start":{"line":151,"column":36},"end":{"line":169,"column":3}}},"14":{"name":"(anonymous_14)","decl":{"start":{"line":165,"column":15},"end":{"line":165,"column":24}},"loc":{"start":{"line":165,"column":26},"end":{"line":168,"column":5}}},"15":{"name":"(anonymous_15)","decl":{"start":{"line":171,"column":10},"end":{"line":171,"column":25}},"loc":{"start":{"line":171,"column":71},"end":{"line":173,"column":3}}},"16":{"name":"(anonymous_16)","decl":{"start":{"line":175,"column":10},"end":{"line":175,"column":27}},"loc":{"start":{"line":175,"column":99},"end":{"line":206,"column":3}}},"17":{"name":"(anonymous_17)","decl":{"start":{"line":193,"column":27},"end":{"line":193,"column":36}},"loc":{"start":{"line":193,"column":38},"end":{"line":199,"column":9}}}},"branchMap":{"0":{"loc":{"start":{"line":22,"column":63},"end":{"line":22,"column":67}},"type":"default-arg","locations":[{"start":{"line":22,"column":63},"end":{"line":22,"column":67}}]},"1":{"loc":{"start":{"line":24,"column":4},"end":{"line":31,"column":null}},"type":"if","locations":[{"start":{"line":24,"column":4},"end":{"line":31,"column":null}},{"start":{"line":24,"column":4},"end":{"line":31,"column":null}}]},"2":{"loc":{"start":{"line":27,"column":6},"end":{"line":30,"column":null}},"type":"if","locations":[{"start":{"line":27,"column":6},"end":{"line":30,"column":null}},{"start":{"line":27,"column":6},"end":{"line":30,"column":null}}]},"3":{"loc":{"start":{"line":33,"column":65},"end":{"line":33,"column":88}},"type":"binary-expr","locations":[{"start":{"line":33,"column":65},"end":{"line":33,"column":88}},{"start":{"line":33,"column":92},"end":{"line":33,"column":113}}]},"4":{"loc":{"start":{"line":36,"column":4},"end":{"line":38,"column":null}},"type":"if","locations":[{"start":{"line":36,"column":4},"end":{"line":38,"column":null}},{"start":{"line":36,"column":4},"end":{"line":38,"column":null}}]},"5":{"loc":{"start":{"line":40,"column":4},"end":{"line":42,"column":null}},"type":"if","locations":[{"start":{"line":40,"column":4},"end":{"line":42,"column":null}},{"start":{"line":40,"column":4},"end":{"line":42,"column":null}}]},"6":{"loc":{"start":{"line":40,"column":8},"end":{"line":40,"column":25}},"type":"binary-expr","locations":[{"start":{"line":40,"column":8},"end":{"line":40,"column":25}},{"start":{"line":40,"column":29},"end":{"line":40,"column":57}}]},"7":{"loc":{"start":{"line":44,"column":22},"end":{"line":44,"column":41}},"type":"binary-expr","locations":[{"start":{"line":44,"column":22},"end":{"line":44,"column":41}},{"start":{"line":44,"column":45},"end":{"line":51,"column":6}}]},"8":{"loc":{"start":{"line":59,"column":6},"end":{"line":61,"column":null}},"type":"if","locations":[{"start":{"line":59,"column":6},"end":{"line":61,"column":null}},{"start":{"line":59,"column":6},"end":{"line":61,"column":null}}]},"9":{"loc":{"start":{"line":59,"column":10},"end":{"line":59,"column":27}},"type":"binary-expr","locations":[{"start":{"line":59,"column":10},"end":{"line":59,"column":27}},{"start":{"line":59,"column":31},"end":{"line":59,"column":88}}]},"10":{"loc":{"start":{"line":63,"column":6},"end":{"line":79,"column":null}},"type":"if","locations":[{"start":{"line":63,"column":6},"end":{"line":79,"column":null}},{"start":{"line":63,"column":6},"end":{"line":79,"column":null}}]},"11":{"loc":{"start":{"line":66,"column":22},"end":{"line":66,"column":55}},"type":"binary-expr","locations":[{"start":{"line":66,"column":22},"end":{"line":66,"column":55}},{"start":{"line":66,"column":60},"end":{"line":66,"column":92}}]},"12":{"loc":{"start":{"line":71,"column":10},"end":{"line":73,"column":null}},"type":"if","locations":[{"start":{"line":71,"column":10},"end":{"line":73,"column":null}},{"start":{"line":71,"column":10},"end":{"line":73,"column":null}}]},"13":{"loc":{"start":{"line":72,"column":48},"end":{"line":72,"column":52}},"type":"binary-expr","locations":[{"start":{"line":72,"column":48},"end":{"line":72,"column":52}},{"start":{"line":72,"column":56},"end":{"line":72,"column":59}}]},"14":{"loc":{"start":{"line":72,"column":61},"end":{"line":72,"column":68}},"type":"binary-expr","locations":[{"start":{"line":72,"column":61},"end":{"line":72,"column":68}},{"start":{"line":72,"column":72},"end":{"line":72,"column":100}}]},"15":{"loc":{"start":{"line":82,"column":4},"end":{"line":92,"column":null}},"type":"if","locations":[{"start":{"line":82,"column":4},"end":{"line":92,"column":null}},{"start":{"line":82,"column":4},"end":{"line":92,"column":null}}]},"16":{"loc":{"start":{"line":82,"column":8},"end":{"line":82,"column":25}},"type":"binary-expr","locations":[{"start":{"line":82,"column":8},"end":{"line":82,"column":25}},{"start":{"line":82,"column":29},"end":{"line":82,"column":49}}]},"17":{"loc":{"start":{"line":97,"column":33},"end":{"line":97,"column":78}},"type":"cond-expr","locations":[{"start":{"line":97,"column":33},"end":{"line":97,"column":78}},{"start":{"line":97,"column":81},"end":{"line":97,"column":82}}]},"18":{"loc":{"start":{"line":99,"column":8},"end":{"line":101,"column":null}},"type":"if","locations":[{"start":{"line":99,"column":8},"end":{"line":101,"column":null}},{"start":{"line":99,"column":8},"end":{"line":101,"column":null}}]},"19":{"loc":{"start":{"line":110,"column":4},"end":{"line":113,"column":null}},"type":"if","locations":[{"start":{"line":110,"column":4},"end":{"line":113,"column":null}},{"start":{"line":110,"column":4},"end":{"line":113,"column":null}}]},"20":{"loc":{"start":{"line":115,"column":4},"end":{"line":117,"column":null}},"type":"if","locations":[{"start":{"line":115,"column":4},"end":{"line":117,"column":null}},{"start":{"line":115,"column":4},"end":{"line":117,"column":null}}]},"21":{"loc":{"start":{"line":119,"column":4},"end":{"line":121,"column":null}},"type":"if","locations":[{"start":{"line":119,"column":4},"end":{"line":121,"column":null}},{"start":{"line":119,"column":4},"end":{"line":121,"column":null}}]},"22":{"loc":{"start":{"line":127,"column":4},"end":{"line":129,"column":null}},"type":"if","locations":[{"start":{"line":127,"column":4},"end":{"line":129,"column":null}},{"start":{"line":127,"column":4},"end":{"line":129,"column":null}}]},"23":{"loc":{"start":{"line":133,"column":4},"end":{"line":135,"column":null}},"type":"if","locations":[{"start":{"line":133,"column":4},"end":{"line":135,"column":null}},{"start":{"line":133,"column":4},"end":{"line":135,"column":null}}]},"24":{"loc":{"start":{"line":134,"column":63},"end":{"line":134,"column":70}},"type":"binary-expr","locations":[{"start":{"line":134,"column":63},"end":{"line":134,"column":70}},{"start":{"line":134,"column":74},"end":{"line":134,"column":88}},{"start":{"line":134,"column":92},"end":{"line":134,"column":97}}]},"25":{"loc":{"start":{"line":139,"column":4},"end":{"line":141,"column":null}},"type":"if","locations":[{"start":{"line":139,"column":4},"end":{"line":141,"column":null}},{"start":{"line":139,"column":4},"end":{"line":141,"column":null}}]},"26":{"loc":{"start":{"line":140,"column":79},"end":{"line":140,"column":92}},"type":"cond-expr","locations":[{"start":{"line":140,"column":79},"end":{"line":140,"column":92}},{"start":{"line":140,"column":95},"end":{"line":140,"column":99}}]},"27":{"loc":{"start":{"line":146,"column":4},"end":{"line":148,"column":null}},"type":"if","locations":[{"start":{"line":146,"column":4},"end":{"line":148,"column":null}},{"start":{"line":146,"column":4},"end":{"line":148,"column":null}}]},"28":{"loc":{"start":{"line":151,"column":32},"end":{"line":151,"column":36}},"type":"default-arg","locations":[{"start":{"line":151,"column":32},"end":{"line":151,"column":36}}]},"29":{"loc":{"start":{"line":152,"column":4},"end":{"line":158,"column":null}},"type":"if","locations":[{"start":{"line":152,"column":4},"end":{"line":158,"column":null}},{"start":{"line":152,"column":4},"end":{"line":158,"column":null}}]},"30":{"loc":{"start":{"line":155,"column":6},"end":{"line":157,"column":null}},"type":"if","locations":[{"start":{"line":155,"column":6},"end":{"line":157,"column":null}},{"start":{"line":155,"column":6},"end":{"line":157,"column":null}}]},"31":{"loc":{"start":{"line":160,"column":4},"end":{"line":163,"column":null}},"type":"if","locations":[{"start":{"line":160,"column":4},"end":{"line":163,"column":null}},{"start":{"line":160,"column":4},"end":{"line":163,"column":null}}]},"32":{"loc":{"start":{"line":178,"column":4},"end":{"line":205,"column":null}},"type":"if","locations":[{"start":{"line":178,"column":4},"end":{"line":205,"column":null}},{"start":{"line":178,"column":4},"end":{"line":205,"column":null}}]},"33":{"loc":{"start":{"line":179,"column":6},"end":{"line":183,"column":null}},"type":"if","locations":[{"start":{"line":179,"column":6},"end":{"line":183,"column":null}},{"start":{"line":179,"column":6},"end":{"line":183,"column":null}}]},"34":{"loc":{"start":{"line":186,"column":50},"end":{"line":186,"column":77}},"type":"cond-expr","locations":[{"start":{"line":186,"column":50},"end":{"line":186,"column":77}},{"start":{"line":186,"column":80},"end":{"line":186,"column":99}}]},"35":{"loc":{"start":{"line":188,"column":6},"end":{"line":204,"column":null}},"type":"if","locations":[{"start":{"line":188,"column":6},"end":{"line":204,"column":null}},{"start":{"line":188,"column":6},"end":{"line":204,"column":null}}]},"36":{"loc":{"start":{"line":188,"column":10},"end":{"line":188,"column":22}},"type":"binary-expr","locations":[{"start":{"line":188,"column":10},"end":{"line":188,"column":22}},{"start":{"line":188,"column":26},"end":{"line":188,"column":32}},{"start":{"line":188,"column":36},"end":{"line":188,"column":56}}]},"37":{"loc":{"start":{"line":189,"column":48},"end":{"line":189,"column":85}},"type":"cond-expr","locations":[{"start":{"line":189,"column":48},"end":{"line":189,"column":85}},{"start":{"line":189,"column":88},"end":{"line":189,"column":92}}]},"38":{"loc":{"start":{"line":191,"column":59},"end":{"line":191,"column":64}},"type":"cond-expr","locations":[{"start":{"line":191,"column":59},"end":{"line":191,"column":64}},{"start":{"line":191,"column":67},"end":{"line":191,"column":71}}]},"39":{"loc":{"start":{"line":192,"column":69},"end":{"line":192,"column":81}},"type":"cond-expr","locations":[{"start":{"line":192,"column":69},"end":{"line":192,"column":81}},{"start":{"line":192,"column":84},"end":{"line":192,"column":99}}]},"40":{"loc":{"start":{"line":194,"column":10},"end":{"line":198,"column":null}},"type":"if","locations":[{"start":{"line":194,"column":10},"end":{"line":198,"column":null}},{"start":{"line":194,"column":10},"end":{"line":198,"column":null}}]}},"s":{"0":1,"1":1,"2":14,"3":14,"4":14,"5":14,"6":0,"7":0,"8":0,"9":14,"10":14,"11":14,"12":0,"13":14,"14":0,"15":14,"16":0,"17":0,"18":0,"19":14,"20":24,"21":0,"22":24,"23":0,"24":24,"25":0,"26":0,"27":0,"28":0,"29":0,"30":24,"31":14,"32":7,"33":0,"34":7,"35":0,"36":0,"37":0,"38":10,"39":0,"40":0,"41":10,"42":0,"43":10,"44":0,"45":10,"46":0,"47":0,"48":2,"49":2,"50":0,"51":0,"52":0,"53":0,"54":14,"55":14,"56":14,"57":7,"58":14,"59":14,"60":14,"61":14,"62":14,"63":14,"64":2,"65":24,"66":24,"67":0,"68":0,"69":0,"70":0,"71":24,"72":24,"73":24,"74":22,"75":22,"76":22,"77":22,"78":22,"79":22,"80":22,"81":22,"82":22,"83":2,"84":1},"f":{"0":14,"1":0,"2":24,"3":0,"4":0,"5":0,"6":0,"7":0,"8":10,"9":0,"10":2,"11":0,"12":0,"13":14,"14":14,"15":2,"16":24,"17":22},"b":{"0":[7],"1":[0,14],"2":[0,0],"3":[14,14],"4":[0,14],"5":[0,14],"6":[14,0],"7":[14,7],"8":[0,24],"9":[24,0],"10":[0,24],"11":[0,0],"12":[0,0],"13":[0,0],"14":[0,0],"15":[7,7],"16":[14,7],"17":[0,0],"18":[0,0],"19":[0,10],"20":[0,10],"21":[0,10],"22":[0,0],"23":[2,0],"24":[2,0,2],"25":[0,0],"26":[0,0],"27":[0,0],"28":[0],"29":[14,0],"30":[7,7],"31":[14,0],"32":[0,24],"33":[0,0],"34":[12,12],"35":[22,2],"36":[24,24,24],"37":[11,11],"38":[0,22],"39":[0,22],"40":[22,0]}}
,"/home/goriunov/Desktop/Development/GitHub/clusterws/cWS/lib/shared.ts": {"path":"/home/goriunov/Desktop/Development/GitHub/clusterws/cWS/lib/shared.ts","statementMap":{"0":{"start":{"line":1,"column":0},"end":{"line":1,"column":37}},"1":{"start":{"line":4,"column":13},"end":{"line":4,"column":62}},"2":{"start":{"line":6,"column":13},"end":{"line":6,"column":37}},"3":{"start":{"line":7,"column":13},"end":{"line":7,"column":37}},"4":{"start":{"line":8,"column":13},"end":{"line":8,"column":39}},"5":{"start":{"line":10,"column":13},"end":{"line":10,"column":54}},"6":{"start":{"line":11,"column":13},"end":{"line":11,"column":44}},"7":{"start":{"line":12,"column":13},"end":{"line":12,"column":49}},"8":{"start":{"line":13,"column":13},"end":{"line":13,"column":54}},"9":{"start":{"line":15,"column":13},"end":{"line":22,"column":5}},"10":{"start":{"line":16,"column":2},"end":{"line":21,"column":null}},"11":{"start":{"line":17,"column":4},"end":{"line":17,"column":91}},"12":{"start":{"line":19,"column":4},"end":{"line":19,"column":115}},"13":{"start":{"line":20,"column":4},"end":{"line":20,"column":14}},"14":{"start":{"line":25,"column":2},"end":{"line":25,"column":23}},"15":{"start":{"line":27,"column":2},"end":{"line":46,"column":5}},"16":{"start":{"line":28,"column":4},"end":{"line":41,"column":null}},"17":{"start":{"line":29,"column":32},"end":{"line":29,"column":65}},"18":{"start":{"line":30,"column":6},"end":{"line":30,"column":43}},"19":{"start":{"line":32,"column":6},"end":{"line":36,"column":null}},"20":{"start":{"line":33,"column":8},"end":{"line":33,"column":35}},"21":{"start":{"line":35,"column":8},"end":{"line":35,"column":77}},"22":{"start":{"line":38,"column":6},"end":{"line":38,"column":32}},"23":{"start":{"line":39,"column":6},"end":{"line":39,"column":33}},"24":{"start":{"line":40,"column":6},"end":{"line":40,"column":13}},"25":{"start":{"line":43,"column":33},"end":{"line":43,"column":61}},"26":{"start":{"line":44,"column":5},"end":{"line":44,"column":43}},"27":{"start":{"line":45,"column":4},"end":{"line":45,"column":41}},"28":{"start":{"line":48,"column":2},"end":{"line":50,"column":5}},"29":{"start":{"line":49,"column":4},"end":{"line":49,"column":48}},"30":{"start":{"line":52,"column":2},"end":{"line":54,"column":5}},"31":{"start":{"line":53,"column":4},"end":{"line":53,"column":48}},"32":{"start":{"line":56,"column":2},"end":{"line":58,"column":5}},"33":{"start":{"line":57,"column":4},"end":{"line":57,"column":51}},"34":{"start":{"line":60,"column":2},"end":{"line":68,"column":5}},"35":{"start":{"line":61,"column":5},"end":{"line":61,"column":39}},"36":{"start":{"line":63,"column":4},"end":{"line":65,"column":7}},"37":{"start":{"line":64,"column":6},"end":{"line":64,"column":71}},"38":{"start":{"line":67,"column":4},"end":{"line":67,"column":38}},"39":{"start":{"line":70,"column":2},"end":{"line":79,"column":null}},"40":{"start":{"line":71,"column":4},"end":{"line":78,"column":7}},"41":{"start":{"line":72,"column":6},"end":{"line":77,"column":9}},"42":{"start":{"line":73,"column":8},"end":{"line":76,"column":11}},"43":{"start":{"line":24,"column":0},"end":{"line":24,"column":16}}},"fnMap":{"0":{"name":"(anonymous_0)","decl":{"start":{"line":4,"column":32},"end":{"line":4,"column":41}},"loc":{"start":{"line":4,"column":43},"end":{"line":4,"column":61}}},"1":{"name":"(anonymous_1)","decl":{"start":{"line":15,"column":28},"end":{"line":15,"column":44}},"loc":{"start":{"line":15,"column":46},"end":{"line":22,"column":1}}},"2":{"name":"setupNative","decl":{"start":{"line":24,"column":16},"end":{"line":24,"column":27}},"loc":{"start":{"line":24,"column":80},"end":{"line":80,"column":1}}},"3":{"name":"(anonymous_3)","decl":{"start":{"line":27,"column":41},"end":{"line":27,"column":42}},"loc":{"start":{"line":27,"column":65},"end":{"line":46,"column":3}}},"4":{"name":"(anonymous_4)","decl":{"start":{"line":48,"column":35},"end":{"line":48,"column":36}},"loc":{"start":{"line":48,"column":92},"end":{"line":50,"column":3}}},"5":{"name":"(anonymous_5)","decl":{"start":{"line":52,"column":35},"end":{"line":52,"column":36}},"loc":{"start":{"line":52,"column":92},"end":{"line":54,"column":3}}},"6":{"name":"(anonymous_6)","decl":{"start":{"line":56,"column":38},"end":{"line":56,"column":39}},"loc":{"start":{"line":56,"column":95},"end":{"line":58,"column":3}}},"7":{"name":"(anonymous_7)","decl":{"start":{"line":60,"column":44},"end":{"line":60,"column":45}},"loc":{"start":{"line":60,"column":121},"end":{"line":68,"column":3}}},"8":{"name":"(anonymous_8)","decl":{"start":{"line":63,"column":21},"end":{"line":63,"column":30}},"loc":{"start":{"line":63,"column":32},"end":{"line":65,"column":5}}},"9":{"name":"(anonymous_9)","decl":{"start":{"line":71,"column":38},"end":{"line":71,"column":39}},"loc":{"start":{"line":71,"column":69},"end":{"line":78,"column":5}}},"10":{"name":"(anonymous_10)","decl":{"start":{"line":72,"column":23},"end":{"line":72,"column":32}},"loc":{"start":{"line":72,"column":34},"end":{"line":77,"column":7}}}},"branchMap":{"0":{"loc":{"start":{"line":28,"column":4},"end":{"line":41,"column":null}},"type":"if","locations":[{"start":{"line":28,"column":4},"end":{"line":41,"column":null}},{"start":{"line":28,"column":4},"end":{"line":41,"column":null}}]},"1":{"loc":{"start":{"line":28,"column":8},"end":{"line":28,"column":25}},"type":"binary-expr","locations":[{"start":{"line":28,"column":8},"end":{"line":28,"column":25}},{"start":{"line":28,"column":29},"end":{"line":28,"column":37}}]},"2":{"loc":{"start":{"line":32,"column":6},"end":{"line":36,"column":null}},"type":"if","locations":[{"start":{"line":32,"column":6},"end":{"line":36,"column":null}},{"start":{"line":32,"column":6},"end":{"line":36,"column":null}}]},"3":{"loc":{"start":{"line":64,"column":42},"end":{"line":64,"column":46}},"type":"binary-expr","locations":[{"start":{"line":64,"column":42},"end":{"line":64,"column":46}},{"start":{"line":64,"column":50},"end":{"line":64,"column":54}}]},"4":{"loc":{"start":{"line":64,"column":56},"end":{"line":64,"column":63}},"type":"binary-expr","locations":[{"start":{"line":64,"column":56},"end":{"line":64,"column":63}},{"start":{"line":64,"column":67},"end":{"line":64,"column":69}}]},"5":{"loc":{"start":{"line":70,"column":2},"end":{"line":79,"column":null}},"type":"if","locations":[{"start":{"line":70,"column":2},"end":{"line":79,"column":null}},{"start":{"line":70,"column":2},"end":{"line":79,"column":null}}]}},"s":{"0":1,"1":1,"2":1,"3":1,"4":1,"5":1,"6":1,"7":1,"8":1,"9":1,"10":1,"11":1,"12":0,"13":0,"14":15,"15":15,"16":44,"17":22,"18":22,"19":22,"20":0,"21":22,"22":22,"23":22,"24":22,"25":22,"26":22,"27":22,"28":15,"29":2,"30":15,"31":2,"32":15,"33":18,"34":15,"35":44,"36":44,"37":44,"38":44,"39":15,"40":1,"41":0,"42":0,"43":1},"f":{"0":257,"1":1,"2":15,"3":44,"4":2,"5":2,"6":18,"7":44,"8":44,"9":0,"10":0},"b":{"0":[22,22],"1":[44,22],"2":[0,22],"3":[44,20],"4":[44,36],"5":[1,14]}}
}
